------------------------------------------------------------
Creo Simulate Structure Version P-80-44:spg
Summary for Design Study "spider"
Mon Nov  7, 2022   16:19:15
------------------------------------------------------------

Run Settings
   Memory allocation for block solver: 128.0     

Parallel Processing Status
   Parallel task limit for current run:           12
   Parallel task limit for current platform:      64
   Number of processors detected automatically:   12

Checking the model before creating elements...
These checks take into account the fact that AutoGEM will
automatically create elements in volumes with material
properties, on surfaces with shell properties, and on curves
with beam section properties.
   Generate elements automatically.
Checking the model after creating elements...
No errors were found in the model.
Creo Simulate Structure Model Summary

   Principal System of Units: millimeter Newton Second (mmNs)

   Length:          mm
   Force:           N
   Time:            sec
   Temperature:     C

   Model Type: Three Dimensional

   Points:                294
   Edges:                1333
   Faces:                1815

   Springs:                 0
   Masses:                  0
   Beams:                   4
   Shells:                  0
   Solids:                776

   Elements:              780

------------------------------------------------------------

Standard Design Study

Static Analysis "spider":

   Convergence Method: Single-Pass Adaptive
   Plotting Grid:      4

   Convergence Loop Log:                         (16:19:16)

   >> Pass  1 <<
         Calculating Element Equations           (16:19:16)
            Total Number of Equations:   12273
            Maximum Edge Order:              3
         Solving Equations                       (16:19:16)
         Post-Processing Solution                (16:19:16)
         Checking Convergence                    (16:19:16)
         Resource Check                          (16:19:16)
            Elapsed Time     (sec):       1.32
            CPU Time         (sec):       2.01
            Memory Usage      (kb):     231053
            Wrk Dir Dsk Usage (kb):      15609

   >> Pass  2 <<
         Calculating Element Equations           (16:19:16)
            Total Number of Equations:   24690
            Maximum Edge Order:              9
         Solving Equations                       (16:19:17)
         Post-Processing Solution                (16:19:17)
         Checking Convergence                    (16:19:17)
         Calculating Disp and Stress Results     (16:19:17)

         RMS Stress Error Estimates:

         Load Set          Stress Error  % of Max Prin Str
         ----------------  ------------  -----------------
         LoadSet1           1.18e+01      12.8% of  9.26e+01

         Resource Check                          (16:19:19)
            Elapsed Time     (sec):       4.24
            CPU Time         (sec):       3.39
            Memory Usage      (kb):     304622
            Wrk Dir Dsk Usage (kb):      37130

   Total Mass of Model:  4.060813e-03

   Total Cost of Model:  0.000000e+00

   Mass Moments of Inertia about WCS Origin:

     Ixx:   1.06628e+01
     Ixy: -4.96393e-08  Iyy:   7.66611e+00
     Ixz: -1.22627e-07  Iyz: -1.02150e+00  Izz:   1.12543e+01

   Principal MMOI and Principal Axes Relative to WCS Origin:

            Max Prin           Mid Prin           Min Prin
            1.15247e+01         1.06628e+01         7.39569e+00

   WCS X: -1.22795e-07         1.00000e+00         2.42930e-08
   WCS Y: -2.55915e-01       -5.49093e-08         9.66699e-01
   WCS Z:   9.66699e-01         1.12489e-07         2.55915e-01

   Center of Mass Location Relative to WCS Origin:
                  (  2.41965e-07,   3.76946e+00,   2.03446e+01)

   Mass Moments of Inertia about the Center of Mass:

     Ixx:   8.92433e+00
     Ixy: -4.59356e-08  Iyy:   5.98533e+00
     Ixz: -1.02637e-07  Iyz: -7.10081e-01  Izz:   1.11966e+01

   Principal MMOI and Principal Axes Relative to COM:

            Max Prin           Mid Prin           Min Prin
            1.12916e+01         8.92433e+00         5.89030e+00

   WCS X: -4.03993e-08         1.00000e+00         1.94933e-08
   WCS Y: -1.32636e-01       -2.46794e-08         9.91165e-01
   WCS Z:   9.91165e-01         3.74568e-08         1.32636e-01

   Constraint Set: ConstraintSet1: BRACKET

   Load Set: LoadSet1: BRACKET

      Resultant Load on Model:
         in global X direction: -7.528980e-12
         in global Y direction: -9.999999e+03
         in global Z direction:  5.912302e-11

      Measures:

      max_beam_bending:    8.208987e+00
      max_beam_tensile:  -2.125379e+00
      max_beam_torsion:    5.666230e-02
      max_beam_total:    -1.012054e+01
      max_disp_mag:        1.247754e-02
      max_disp_x:          9.418577e-04
      max_disp_y:        -1.216947e-02
      max_disp_z:          6.003613e-03
      max_prin_mag:        9.262704e+01
      max_rot_mag:         8.898236e-05
      max_rot_x:           6.711395e-05
      max_rot_y:           7.501702e-05
      max_rot_z:         -1.185673e-05
      max_stress_prin:     9.262704e+01
      max_stress_vm:       8.976503e+01
      max_stress_xx:       6.339485e+01
      max_stress_xy:     -2.137840e+01
      max_stress_xz:       3.567840e+01
      max_stress_yy:       5.980091e+01
      max_stress_yz:     -3.206430e+01
      max_stress_zz:       4.798331e+01
      min_stress_prin:   -8.301092e+01
      strain_energy:       4.523498e+01

Analysis "spider" Completed  (16:19:19)

------------------------------------------------------------

Memory and Disk Usage:

   Machine Type: Windows 64 
   RAM Allocation for Solver (megabytes): 128.0

   Total Elapsed Time (seconds): 4.26      
   Total CPU Time     (seconds): 3.41      
   Maximum Memory Usage (kilobytes): 304622    
   Working Directory Disk Usage (kilobytes): 37211     

   Results Directory Size (kilobytes):
   8668 .\spider

------------------------------------------------------------
Run Completed
Mon Nov  7, 2022   16:19:19
------------------------------------------------------------
