------------------------------------------------------------
Creo Simulate Structure Version P-80-44:spg
Summary for Design Study "angled"
Mon Nov  7, 2022   17:23:24
------------------------------------------------------------

Run Settings
   Memory allocation for block solver: 512.0     

Parallel Processing Status
   Parallel task limit for current run:           12
   Parallel task limit for current platform:      64
   Number of processors detected automatically:   12

Checking the model before creating elements...
These checks take into account the fact that AutoGEM will
automatically create elements in volumes with material
properties, on surfaces with shell properties, and on curves
with beam section properties.
   Generate elements automatically.
Checking the model after creating elements...
No errors were found in the model.
Creo Simulate Structure Model Summary

   Principal System of Units: millimeter Newton Second (mmNs)

   Length:          mm
   Force:           N
   Time:            sec
   Temperature:     C

   Model Type: Three Dimensional

   Points:                 68
   Edges:                 142
   Faces:                  75

   Springs:                 0
   Masses:                  0
   Beams:                   0
   Shells:                 75
   Solids:                  0

   Elements:               75

------------------------------------------------------------

Standard Design Study

Static Analysis "angled":

   Convergence Method: Single-Pass Adaptive
   Plotting Grid:      4

   Convergence Loop Log:                         (17:23:24)

   >> Pass  1 <<
         Calculating Element Equations           (17:23:24)
            Total Number of Equations:    1941
            Maximum Edge Order:              3
         Solving Equations                       (17:23:24)
         Post-Processing Solution                (17:23:24)
         Checking Convergence                    (17:23:24)
         Resource Check                          (17:23:24)
            Elapsed Time     (sec):       0.17
            CPU Time         (sec):       0.14
            Memory Usage      (kb):     575444
            Wrk Dir Dsk Usage (kb):       1055

   >> Pass  2 <<
         Calculating Element Equations           (17:23:24)
            Total Number of Equations:    3723
            Maximum Edge Order:              9
         Solving Equations                       (17:23:24)
         Post-Processing Solution                (17:23:24)
         Checking Convergence                    (17:23:24)
         Calculating Disp and Stress Results     (17:23:24)

** Warning:

            The rotations are large during this analysis, which may lead
            to inaccurate results.

** Warning:

            The strains are large during this analysis, which may lead to
            inaccurate results. You should consider using the Calculate
            Large Deformations option, if applicable.

** Warning:

            The yield condition has been exceeded for the material(s) listed
            below.  You should consider using an elasto-plastic
            material, if applicable.
EN_NYLON_INSA

         RMS Stress Error Estimates:

         Load Set          Stress Error  % of Max Prin Str
         ----------------  ------------  -----------------
         LoadSet1           5.87e+00       2.8% of  2.06e+02

         Resource Check                          (17:23:24)
            Elapsed Time     (sec):       0.37
            CPU Time         (sec):       0.27
            Memory Usage      (kb):    2096452
            Wrk Dir Dsk Usage (kb):       3124

** Warning: Local reaction data is currently unavailable if
            one or more constraints are specified in
            curvilinear or local Cartesian coordinates.

   Total Mass of Model:  4.228149e-05

   Total Cost of Model:  0.000000e+00

   Mass Moments of Inertia about WCS Origin:

     Ixx:   1.30035e-02
     Ixy:   1.28540e-02  Iyy:   7.72750e-01
     Ixz:   6.33282e-02  Iyz: -4.38429e-04  Izz:   7.67570e-01

   Principal MMOI and Principal Axes Relative to WCS Origin:

            Max Prin           Mid Prin           Min Prin
            7.73540e-01         7.72273e-01         7.50985e-03

   WCS X:   6.82875e-02         5.01254e-02         9.96406e-01
   WCS Y:   7.39154e-01       -6.73327e-01       -1.67846e-02
   WCS Z:   6.70066e-01         7.37643e-01       -8.30302e-02

   Center of Mass Location Relative to WCS Origin:
                  (  1.19533e+02, -2.91759e+00, -1.31538e+01)

   Mass Moments of Inertia about the Center of Mass:

     Ixx:   5.32794e-03
     Ixy: -1.89164e-03  Iyy:   1.61306e-01
     Ixz: -3.15177e-03  Iyz:   1.18423e-03  Izz:   1.63082e-01

   Principal MMOI and Principal Axes Relative to COM:

            Max Prin           Mid Prin           Min Prin
            1.63759e-01         1.60714e-01         5.24264e-03

   WCS X: -2.31309e-02       -1.76357e-03         9.99731e-01
   WCS Y:   4.49103e-01         8.93400e-01         1.19669e-02
   WCS Z:   8.93180e-01       -4.49259e-01         1.98731e-02

   Constraint Set: ConstraintSet1: CHAIR_LEG

   Load Set: LoadSet1: CHAIR_LEG

      Resultant Load on Model:
         in global X direction:  5.674033e-11
         in global Y direction:  1.500000e+02
         in global Z direction: -6.192957e-11

      Measures:

      max_beam_bending:    0.000000e+00
      max_beam_tensile:    0.000000e+00
      max_beam_torsion:    0.000000e+00
      max_beam_total:      0.000000e+00
      max_disp_mag:        2.270548e+01
      max_disp_x:        -3.397067e+00
      max_disp_y:          2.245332e+01
      max_disp_z:          2.318957e+00
      max_prin_mag:      -2.062932e+02
      max_rot_mag:         4.085286e-01
      max_rot_x:         -3.149572e-01
      max_rot_y:         -1.499581e-01
      max_rot_z:           2.588480e-01
      max_stress_prin:     1.234888e+02
      max_stress_vm:       1.972404e+02
      max_stress_xx:     -6.949076e+01
      max_stress_xy:       1.746993e+01
      max_stress_xz:     -9.671505e+01
      max_stress_yy:       4.454001e+01
      max_stress_yz:       1.669579e+01
      max_stress_zz:     -1.361746e+02
      min_stress_prin:   -2.062932e+02
      strain_energy:       1.490581e+03

Analysis "angled" Completed  (17:23:24)

------------------------------------------------------------

Memory and Disk Usage:

   Machine Type: Windows 64 
   RAM Allocation for Solver (megabytes): 512.0

   Total Elapsed Time (seconds): 0.38      
   Total CPU Time     (seconds): 0.28      
   Maximum Memory Usage (kilobytes): 2096452   
   Working Directory Disk Usage (kilobytes): 3124      

   Results Directory Size (kilobytes):
   2308 .\angled

------------------------------------------------------------
Run Completed
Mon Nov  7, 2022   17:23:24
------------------------------------------------------------
