------------------------------------------------------------
Creo Simulate Structure Version P-80-44:spg
Summary for Design Study "bonded"
Mon Nov  7, 2022   15:38:10
------------------------------------------------------------

Run Settings
   Memory allocation for block solver: 128.0     

Parallel Processing Status
   Parallel task limit for current run:           12
   Parallel task limit for current platform:      64
   Number of processors detected automatically:   12

Checking the model before creating elements...
These checks take into account the fact that AutoGEM will
automatically create elements in volumes with material
properties, on surfaces with shell properties, and on curves
with beam section properties.
   Generate elements automatically.
Checking the model after creating elements...
No errors were found in the model.
Creo Simulate Structure Model Summary

   Principal System of Units: millimeter Newton Second (mmNs)

   Length:          mm
   Force:           N
   Time:            sec
   Temperature:     C

   Model Type: Three Dimensional

   Points:                 85
   Edges:                 334
   Faces:                 413

   Springs:                 0
   Masses:                  0
   Beams:                   0
   Shells:                  0
   Solids:                164

   Elements:              164

------------------------------------------------------------

Standard Design Study

Static Analysis "bonded":

   Convergence Method: Single-Pass Adaptive
   Plotting Grid:      4

   Convergence Loop Log:                         (15:38:10)

   >> Pass  1 <<
         Calculating Element Equations           (15:38:10)
            Total Number of Equations:    3288
            Maximum Edge Order:              3
         Solving Equations                       (15:38:10)
         Post-Processing Solution                (15:38:10)
         Checking Convergence                    (15:38:10)
         Resource Check                          (15:38:10)
            Elapsed Time     (sec):       0.35
            CPU Time         (sec):       1.17
            Memory Usage      (kb):     210455
            Wrk Dir Dsk Usage (kb):       2048

   >> Pass  2 <<
         Calculating Element Equations           (15:38:10)
            Total Number of Equations:    6450
            Maximum Edge Order:              6
         Solving Equations                       (15:38:10)
         Post-Processing Solution                (15:38:10)
         Checking Convergence                    (15:38:10)
         Calculating Disp and Stress Results     (15:38:10)

         RMS Stress Error Estimates:

         Load Set          Stress Error  % of Max Prin Str
         ----------------  ------------  -----------------
         LoadSet1           1.49e+00       5.6% of  2.67e+01

         Resource Check                          (15:38:10)
            Elapsed Time     (sec):       0.63
            CPU Time         (sec):       1.41
            Memory Usage      (kb):    2096400
            Wrk Dir Dsk Usage (kb):       8192

   Total Mass of Model:  4.060813e-03

   Total Cost of Model:  0.000000e+00

   Mass Moments of Inertia about WCS Origin:

     Ixx:   1.06628e+01
     Ixy: -1.55280e-07  Iyy:   7.66611e+00
     Ixz: -1.96158e-07  Iyz: -1.02150e+00  Izz:   1.12543e+01

   Principal MMOI and Principal Axes Relative to WCS Origin:

            Max Prin           Mid Prin           Min Prin
            1.15247e+01         1.06628e+01         7.39569e+00

   WCS X: -1.73899e-07         1.00000e+00         6.13103e-08
   WCS Y: -2.55915e-01       -1.03772e-07         9.66699e-01
   WCS Z:   9.66699e-01         1.52418e-07         2.55915e-01

   Center of Mass Location Relative to WCS Origin:
                  (  1.65700e-08,   3.76946e+00,   2.03446e+01)

   Mass Moments of Inertia about the Center of Mass:

     Ixx:   8.92433e+00
     Ixy: -1.55026e-07  Iyy:   5.98533e+00
     Ixz: -1.94789e-07  Iyz: -7.10081e-01  Izz:   1.11966e+01

   Principal MMOI and Principal Axes Relative to COM:

            Max Prin           Mid Prin           Min Prin
            1.12916e+01         8.92433e+00         5.89030e+00

   WCS X: -7.28702e-08         1.00000e+00         5.91598e-08
   WCS Y: -1.32636e-01       -6.83024e-08         9.91165e-01
   WCS Z:   9.91165e-01         6.43796e-08         1.32636e-01

   Constraint Set: ConstraintSet1: BRACKET

   Load Set: LoadSet1: BRACKET

      Resultant Load on Model:
         in global X direction: -1.013234e-11
         in global Y direction: -1.000000e+04
         in global Z direction:  5.684342e-12

      Measures:

      max_beam_bending:    0.000000e+00
      max_beam_tensile:    0.000000e+00
      max_beam_torsion:    0.000000e+00
      max_beam_total:      0.000000e+00
      max_disp_mag:        7.182190e-03
      max_disp_x:        -2.777223e-04
      max_disp_y:        -6.741166e-03
      max_disp_z:          2.921269e-03
      max_prin_mag:        2.668359e+01
      max_rot_mag:         0.000000e+00
      max_rot_x:           0.000000e+00
      max_rot_y:           0.000000e+00
      max_rot_z:           0.000000e+00
      max_stress_prin:     2.668359e+01
      max_stress_vm:       3.551537e+01
      max_stress_xx:       3.818453e+00
      max_stress_xy:     -3.164992e+00
      max_stress_xz:       3.933775e+00
      max_stress_yy:     -1.620763e+01
      max_stress_yz:     -1.848181e+01
      max_stress_zz:       2.063409e+01
      min_stress_prin:   -1.718819e+01
      strain_energy:       2.641715e+01

Analysis "bonded" Completed  (15:38:10)

------------------------------------------------------------

Memory and Disk Usage:

   Machine Type: Windows 64 
   RAM Allocation for Solver (megabytes): 128.0

   Total Elapsed Time (seconds): 0.64      
   Total CPU Time     (seconds): 1.41      
   Maximum Memory Usage (kilobytes): 2096400   
   Working Directory Disk Usage (kilobytes): 8192      

   Results Directory Size (kilobytes):
   2354 .\bonded

------------------------------------------------------------
Run Completed
Mon Nov  7, 2022   15:38:10
------------------------------------------------------------
