------------------------------------------------------------
Creo Simulate Structure Version P-80-44:spg
Summary for Design Study "leg"
Mon Nov  7, 2022   16:52:51
------------------------------------------------------------

Run Settings
   Memory allocation for block solver: 512.0     

Parallel Processing Status
   Parallel task limit for current run:           12
   Parallel task limit for current platform:      64
   Number of processors detected automatically:   12

Checking the model before creating elements...
These checks take into account the fact that AutoGEM will
automatically create elements in volumes with material
properties, on surfaces with shell properties, and on curves
with beam section properties.
   Generate elements automatically.
Checking the model after creating elements...
No errors were found in the model.
Creo Simulate Structure Model Summary

   Principal System of Units: millimeter Newton Second (mmNs)

   Length:          mm
   Force:           N
   Time:            sec
   Temperature:     C

   Model Type: Three Dimensional

   Points:                224
   Edges:                1007
   Faces:                1350

   Springs:                 0
   Masses:                  0
   Beams:                   0
   Shells:                  0
   Solids:                566

   Elements:              566

------------------------------------------------------------

Standard Design Study

Static Analysis "leg":

   Convergence Method: Single-Pass Adaptive
   Plotting Grid:      4

   Convergence Loop Log:                         (16:52:52)

   >> Pass  1 <<
         Calculating Element Equations           (16:52:52)
            Total Number of Equations:   10680
            Maximum Edge Order:              3
         Solving Equations                       (16:52:52)
         Post-Processing Solution                (16:52:52)
         Checking Convergence                    (16:52:52)
         Resource Check                          (16:52:52)
            Elapsed Time     (sec):       0.98
            CPU Time         (sec):       1.72
            Memory Usage      (kb):    1869663
            Wrk Dir Dsk Usage (kb):      10240

   >> Pass  2 <<
         Calculating Element Equations           (16:52:52)
            Total Number of Equations:   15909
            Maximum Edge Order:              6
         Solving Equations                       (16:52:52)
         Post-Processing Solution                (16:52:52)
         Checking Convergence                    (16:52:53)
         Calculating Disp and Stress Results     (16:52:53)

** Warning:

            The strains are large during this analysis, which may lead to
            inaccurate results. You should consider using the Calculate
            Large Deformations option, if applicable.

** Warning:

            The yield condition has been exceeded for the material(s) listed
            below.  You should consider using an elasto-plastic
            material, if applicable.
EN_NYLON_INSA

         RMS Stress Error Estimates:

         Load Set          Stress Error  % of Max Prin Str
         ----------------  ------------  -----------------
         LoadSet1           4.70e+00       1.5% of  3.16e+02

         Resource Check                          (16:52:53)
            Elapsed Time     (sec):       1.49
            CPU Time         (sec):       2.22
            Memory Usage      (kb):    1905768
            Wrk Dir Dsk Usage (kb):      18432

   Total Mass of Model:  4.217242e-05

   Total Cost of Model:  0.000000e+00

   Mass Moments of Inertia about WCS Origin:

     Ixx:   1.31276e-02
     Ixy:   1.27331e-02  Iyy:   7.68202e-01
     Ixz:   6.35358e-02  Iyz: -4.74101e-04  Izz:   7.62970e-01

   Principal MMOI and Principal Axes Relative to WCS Origin:

            Max Prin           Mid Prin           Min Prin
            7.68962e-01         7.67768e-01         7.56925e-03

   WCS X:   6.90284e-02         5.03921e-02         9.96341e-01
   WCS Y:   7.35750e-01       -6.77046e-01       -1.67311e-02
   WCS Z:   6.73726e-01         7.34213e-01       -8.38114e-02

   Center of Mass Location Relative to WCS Origin:
                  (  1.19290e+02, -2.93214e+00, -1.32305e+01)

   Mass Moments of Inertia about the Center of Mass:

     Ixx:   5.38291e-03
     Ixy: -2.01769e-03  Iyy:   1.60706e-01
     Ixz: -3.02348e-03  Iyz:   1.16193e-03  Izz:   1.62494e-01

   Principal MMOI and Principal Axes Relative to COM:

            Max Prin           Mid Prin           Min Prin
            1.63149e-01         1.60136e-01         5.29914e-03

   WCS X: -2.28472e-02       -2.98250e-03         9.99735e-01
   WCS Y:   4.44800e-01         8.95538e-01         1.28368e-02
   WCS Z:   8.95339e-01       -4.44975e-01         1.91339e-02

   Constraint Set: ConstraintSet1: CHAIR_LEG

   Load Set: LoadSet1: CHAIR_LEG

      Resultant Load on Model:
         in global X direction: -3.683287e-09
         in global Y direction:  2.598727e-09
         in global Z direction: -1.500000e+02

      Measures:

      max_beam_bending:    0.000000e+00
      max_beam_tensile:    0.000000e+00
      max_beam_torsion:    0.000000e+00
      max_beam_total:      0.000000e+00
      max_disp_mag:        1.109943e+02
      max_disp_x:          1.449520e+01
      max_disp_y:        -3.874153e+01
      max_disp_z:        -1.056130e+02
      max_prin_mag*:       3.162861e+02
      max_rot_mag:         0.000000e+00
      max_rot_x:           0.000000e+00
      max_rot_y:           0.000000e+00
      max_rot_z:           0.000000e+00
      max_stress_prin:     3.162861e+02
      max_stress_vm*:      1.920962e+02
      max_stress_xx*:      3.045874e+02
      max_stress_xy*:      4.811908e+01
      max_stress_xz*:      6.415831e+01
      max_stress_yy*:      1.480685e+02
      max_stress_yz*:    -6.058318e+01
      max_stress_zz*:      1.517164e+02
      min_stress_prin*:  -1.848590e+02
      strain_energy:       6.434953e+03

   ** Warning: The measures marked by an asterisk (*) were evaluated 
   at (or close to) results singularities. The values of these  
   measures may be inaccurate, and you must use engineering judgment 
   when interpreting them.

Analysis "leg" Completed  (16:52:53)

------------------------------------------------------------

Memory and Disk Usage:

   Machine Type: Windows 64 
   RAM Allocation for Solver (megabytes): 512.0

   Total Elapsed Time (seconds): 1.50      
   Total CPU Time     (seconds): 2.23      
   Maximum Memory Usage (kilobytes): 1905768   
   Working Directory Disk Usage (kilobytes): 18432     

   Results Directory Size (kilobytes):
   6366 .\leg

------------------------------------------------------------
Run Completed
Mon Nov  7, 2022   16:52:53
------------------------------------------------------------
